TempoSimulado: 2716.711266
Utilizacao ("Front") = 0.322705
Comprimento medio fila ("Front") = 14.6655
Periodo medio ocupado ("Front") = 8.76696

Utilizacao ("CPU1") = 0.321286
Comprimento medio fila ("CPU1") = 0.687554
Periodo medio ocupado ("CPU1") = 10.9105

Utilizacao ("Disk1") = 0.561974
Comprimento medio fila ("Disk1") = 1.83279
Periodo medio ocupado ("Disk1") = 25.8766

Utilizacao ("CPU2") = 0.42402
Comprimento medio fila ("CPU2") = 0.550122
Periodo medio ocupado ("CPU2") = 10.1047

Utilizacao ("Disk2") = 0.702917
Comprimento medio fila ("Disk2") = 2.14302
Periodo medio ocupado ("Disk2") = 20.5336

Utilizacao ("CPU3") = 0.510426
Comprimento medio fila ("CPU3") = 1.28768
Periodo medio ocupado ("CPU3") = 11.6528

Utilizacao ("Disk3") = 0.920383
Comprimento medio fila ("Disk3") = 6.18759
Periodo medio ocupado ("Disk3") = 27.4771

Utilizacao ("CPU4") = 0.552657
Comprimento medio fila ("CPU4") = 2.38163
Periodo medio ocupado ("CPU4") = 11.5493

Utilizacao ("Disk4") = 0.7303
Comprimento medio fila ("Disk4") = 4.26162
Periodo medio ocupado ("Disk4") = 19.8401
