TempoSimulado: 3198.227080
Utilizacao ("Front") = 0.144211
Comprimento medio fila ("Front") = 7.62873
Periodo medio ocupado ("Front") = 4.6122

Utilizacao ("CPU1") = 0.379808
Comprimento medio fila ("CPU1") = 2.00643
Periodo medio ocupado ("CPU1") = 11.5687

Utilizacao ("Disk1") = 0.36432
Comprimento medio fila ("Disk1") = 1.32616
Periodo medio ocupado ("Disk1") = 14.7491

Utilizacao ("CPU2") = 0.34911
Comprimento medio fila ("CPU2") = 0.529467
Periodo medio ocupado ("CPU2") = 10.8401

Utilizacao ("Disk2") = 0.557432
Comprimento medio fila ("Disk2") = 1.85937
Periodo medio ocupado ("Disk2") = 23.4578

Utilizacao ("CPU3") = 0.542211
Comprimento medio fila ("CPU3") = 0.681391
Periodo medio ocupado ("CPU3") = 11.7967

Utilizacao ("Disk3") = 0.95229
Comprimento medio fila ("Disk3") = 6.78809
Periodo medio ocupado ("Disk3") = 24.9643

Utilizacao ("CPU4") = 0.365488
Comprimento medio fila ("CPU4") = 0.410858
Periodo medio ocupado ("CPU4") = 12.8452

Utilizacao ("Disk4") = 0.679148
Comprimento medio fila ("Disk4") = 3.62325
Periodo medio ocupado ("Disk4") = 31.4793
