TempoSimulado: 2765.584201
Utilizacao ("Front") = 0.360015
Comprimento medio fila ("Front") = 17.893
Periodo medio ocupado ("Front") = 9.95653

Utilizacao ("CPU1") = 0.525618
Comprimento medio fila ("CPU1") = 0.542967
Periodo medio ocupado ("CPU1") = 9.82189

Utilizacao ("Disk1") = 0.948549
Comprimento medio fila ("Disk1") = 7.69982
Periodo medio ocupado ("Disk1") = 21.8608

Utilizacao ("CPU2") = 0.393127
Comprimento medio fila ("CPU2") = 0.397332
Periodo medio ocupado ("CPU2") = 10.5556

Utilizacao ("Disk2") = 0.502247
Comprimento medio fila ("Disk2") = 1.01971
Periodo medio ocupado ("Disk2") = 17.1482

Utilizacao ("CPU3") = 0.425559
Comprimento medio fila ("CPU3") = 0.309888
Periodo medio ocupado ("CPU3") = 10.3239

Utilizacao ("Disk3") = 0.696067
Comprimento medio fila ("Disk3") = 2.31418
Periodo medio ocupado ("Disk3") = 21.8754

Utilizacao ("CPU4") = 0.50431
Comprimento medio fila ("CPU4") = 0.389606
Periodo medio ocupado ("CPU4") = 10.1066

Utilizacao ("Disk4") = 0.932341
Comprimento medio fila ("Disk4") = 6.64306
Periodo medio ocupado ("Disk4") = 22.6181
