TempoSimulado: 3670.551159
Utilizacao ("Front") = 0.405341
Comprimento medio fila ("Front") = 21.3546
Periodo medio ocupado ("Front") = 14.8783

Utilizacao ("CPU1") = 0.460579
Comprimento medio fila ("CPU1") = 0.372306
Periodo medio ocupado ("CPU1") = 14.2065

Utilizacao ("Disk1") = 0.823146
Comprimento medio fila ("Disk1") = 3.59696
Periodo medio ocupado ("Disk1") = 33.2022

Utilizacao ("CPU2") = 0.462579
Comprimento medio fila ("CPU2") = 0.412722
Periodo medio ocupado ("CPU2") = 15.16

Utilizacao ("Disk2") = 0.723073
Comprimento medio fila ("Disk2") = 2.13377
Periodo medio ocupado ("Disk2") = 30.5066

Utilizacao ("CPU3") = 0.572208
Comprimento medio fila ("CPU3") = 0.788121
Periodo medio ocupado ("CPU3") = 20.0031

Utilizacao ("Disk3") = 0.816546
Comprimento medio fila ("Disk3") = 2.08118
Periodo medio ocupado ("Disk3") = 37.4647

Utilizacao ("CPU4") = 0.520347
Comprimento medio fila ("CPU4") = 0.449717
Periodo medio ocupado ("CPU4") = 16.6083

Utilizacao ("Disk4") = 0.749394
Comprimento medio fila ("Disk4") = 3.14186
Periodo medio ocupado ("Disk4") = 29.5773
