TempoSimulado: 4946.953120
Utilizacao ("Front") = 0.197072
Comprimento medio fila ("Front") = 19.4873
Periodo medio ocupado ("Front") = 4.87453

Utilizacao ("CPU1") = 0.354183
Comprimento medio fila ("CPU1") = 0.329451
Periodo medio ocupado ("CPU1") = 10.0697

Utilizacao ("Disk1") = 0.652619
Comprimento medio fila ("Disk1") = 8.16883
Periodo medio ocupado ("Disk1") = 23.7388

Utilizacao ("CPU2") = 0.458339
Comprimento medio fila ("CPU2") = 5.04552
Periodo medio ocupado ("CPU2") = 11.2247

Utilizacao ("Disk2") = 0.596523
Comprimento medio fila ("Disk2") = 4.69572
Periodo medio ocupado ("Disk2") = 19.8052

Utilizacao ("CPU3") = 0.609091
Comprimento medio fila ("CPU3") = 0.931236
Periodo medio ocupado ("CPU3") = 10.9172

Utilizacao ("Disk3") = 0.978667
Comprimento medio fila ("Disk3") = 17.2666
Periodo medio ocupado ("Disk3") = 22.2084

Utilizacao ("CPU4") = 0.570803
Comprimento medio fila ("CPU4") = 3.45145
Periodo medio ocupado ("CPU4") = 11.1171

Utilizacao ("Disk4") = 0.900011
Comprimento medio fila ("Disk4") = 10.8568
Periodo medio ocupado ("Disk4") = 21.9326
