TempoSimulado: 2700.743607
Utilizacao ("Front") = 0.192728
Comprimento medio fila ("Front") = 9.58934
Periodo medio ocupado ("Front") = 5.20508

Utilizacao ("CPU1") = 0.564004
Comprimento medio fila ("CPU1") = 1.3976
Periodo medio ocupado ("CPU1") = 10.505

Utilizacao ("Disk1") = 0.919871
Comprimento medio fila ("Disk1") = 4.71614
Periodo medio ocupado ("Disk1") = 20.7028

Utilizacao ("CPU2") = 0.352469
Comprimento medio fila ("CPU2") = 0.36424
Periodo medio ocupado ("CPU2") = 10.9417

Utilizacao ("Disk2") = 0.515381
Comprimento medio fila ("Disk2") = 3.08314
Periodo medio ocupado ("Disk2") = 21.7486

Utilizacao ("CPU3") = 0.576812
Comprimento medio fila ("CPU3") = 1.14965
Periodo medio ocupado ("CPU3") = 10.4552

Utilizacao ("Disk3") = 0.905965
Comprimento medio fila ("Disk3") = 4.87999
Periodo medio ocupado ("Disk3") = 19.7321

Utilizacao ("CPU4") = 0.434156
Comprimento medio fila ("CPU4") = 1.0305
Periodo medio ocupado ("CPU4") = 10.7573

Utilizacao ("Disk4") = 0.613426
Comprimento medio fila ("Disk4") = 3.58291
Periodo medio ocupado ("Disk4") = 20.2037
