TempoSimulado: 3260.123602
Utilizacao ("Front") = 0.308853
Comprimento medio fila ("Front") = 14.9343
Periodo medio ocupado ("Front") = 10.069

Utilizacao ("CPU1") = 0.574021
Comprimento medio fila ("CPU1") = 1.11564
Periodo medio ocupado ("CPU1") = 11.7697

Utilizacao ("Disk1") = 0.930749
Comprimento medio fila ("Disk1") = 7.59829
Periodo medio ocupado ("Disk1") = 23.163

Utilizacao ("CPU2") = 0.391885
Comprimento medio fila ("CPU2") = 0.660506
Periodo medio ocupado ("CPU2") = 11.5098

Utilizacao ("Disk2") = 0.478954
Comprimento medio fila ("Disk2") = 1.14604
Periodo medio ocupado ("Disk2") = 17.9477

Utilizacao ("CPU3") = 0.418944
Comprimento medio fila ("CPU3") = 0.391876
Periodo medio ocupado ("CPU3") = 12.1947

Utilizacao ("Disk3") = 0.583484
Comprimento medio fila ("Disk3") = 2.01481
Periodo medio ocupado ("Disk3") = 20.6764

Utilizacao ("CPU4") = 0.496638
Comprimento medio fila ("CPU4") = 0.576719
Periodo medio ocupado ("CPU4") = 12.0828

Utilizacao ("Disk4") = 0.765133
Comprimento medio fila ("Disk4") = 2.63153
Periodo medio ocupado ("Disk4") = 23.5323
