TempoSimulado: 2250.177354
Utilizacao ("Front") = 0.450233
Comprimento medio fila ("Front") = 23.2335
Periodo medio ocupado ("Front") = 10.1311

Utilizacao ("CPU1") = 0.95185
Comprimento medio fila ("CPU1") = 6.25234
Periodo medio ocupado ("CPU1") = 11.9655

Utilizacao ("Disk1") = 0.501398
Comprimento medio fila ("Disk1") = 0.544679
Periodo medio ocupado ("Disk1") = 7.62321

Utilizacao ("CPU2") = 0.352153
Comprimento medio fila ("CPU2") = 0.488861
Periodo medio ocupado ("CPU2") = 9.6635

Utilizacao ("Disk2") = 0.270804
Comprimento medio fila ("Disk2") = 0.203529
Periodo medio ocupado ("Disk2") = 9.82835

Utilizacao ("CPU3") = 0.63697
Comprimento medio fila ("CPU3") = 1.67605
Periodo medio ocupado ("CPU3") = 12.5728

Utilizacao ("Disk3") = 0.294278
Comprimento medio fila ("Disk3") = 0.13158
Periodo medio ocupado ("Disk3") = 7.27669

Utilizacao ("CPU4") = 0.802474
Comprimento medio fila ("CPU4") = 2.89499
Periodo medio ocupado ("CPU4") = 12.1189

Utilizacao ("Disk4") = 0.383394
Comprimento medio fila ("Disk4") = 0.307157
Periodo medio ocupado ("Disk4") = 7.01385
