TempoSimulado: 2705.465128
Utilizacao ("Front") = 0.162664
Comprimento medio fila ("Front") = 7.92402
Periodo medio ocupado ("Front") = 4.40083

Utilizacao ("CPU1") = 0.382841
Comprimento medio fila ("CPU1") = 1.98873
Periodo medio ocupado ("CPU1") = 9.00663

Utilizacao ("Disk1") = 0.225849
Comprimento medio fila ("Disk1") = 0.19667
Periodo medio ocupado ("Disk1") = 6.64159

Utilizacao ("CPU2") = 0.403046
Comprimento medio fila ("CPU2") = 2.52478
Periodo medio ocupado ("CPU2") = 10.7963

Utilizacao ("Disk2") = 0.232193
Comprimento medio fila ("Disk2") = 0.159318
Periodo medio ocupado ("Disk2") = 8.26565

Utilizacao ("CPU3") = 0.504547
Comprimento medio fila ("CPU3") = 2.93292
Periodo medio ocupado ("CPU3") = 12.7573

Utilizacao ("Disk3") = 0.268226
Comprimento medio fila ("Disk3") = 0.149074
Periodo medio ocupado ("Disk3") = 8.53736

Utilizacao ("CPU4") = 0.954084
Comprimento medio fila ("CPU4") = 8.09459
Periodo medio ocupado ("CPU4") = 12.0619

Utilizacao ("Disk4") = 0.564116
Comprimento medio fila ("Disk4") = 0.77128
Periodo medio ocupado ("Disk4") = 8.29454
