TempoSimulado: 4288.186946
Utilizacao ("Front") = 0.105998
Comprimento medio fila ("Front") = 5.24058
Periodo medio ocupado ("Front") = 4.5454

Utilizacao ("CPU1") = 0.152579
Comprimento medio fila ("CPU1") = 0.550139
Periodo medio ocupado ("CPU1") = 9.62184

Utilizacao ("Disk1") = 0.262512
Comprimento medio fila ("Disk1") = 0.662617
Periodo medio ocupado ("Disk1") = 23.4521

Utilizacao ("CPU2") = 0.605099
Comprimento medio fila ("CPU2") = 1.93025
Periodo medio ocupado ("CPU2") = 11.5838

Utilizacao ("Disk2") = 0.92925
Comprimento medio fila ("Disk2") = 7.9068
Periodo medio ocupado ("Disk2") = 20.4348

Utilizacao ("CPU3") = 0.365577
Comprimento medio fila ("CPU3") = 0.876107
Periodo medio ocupado ("CPU3") = 13.5144

Utilizacao ("Disk3") = 0.564456
Comprimento medio fila ("Disk3") = 1.26748
Periodo medio ocupado ("Disk3") = 24.9535

Utilizacao ("CPU4") = 0.495695
Comprimento medio fila ("CPU4") = 2.15704
Periodo medio ocupado ("CPU4") = 12.2163

Utilizacao ("Disk4") = 0.74024
Comprimento medio fila ("Disk4") = 5.0258
Periodo medio ocupado ("Disk4") = 22.3541
