TempoSimulado: 2478.379342
Utilizacao ("Front") = 0.450681
Comprimento medio fila ("Front") = 19.8626
Periodo medio ocupado ("Front") = 11.1696

Utilizacao ("CPU1") = 0.899812
Comprimento medio fila ("CPU1") = 7.02833
Periodo medio ocupado ("CPU1") = 11.3779

Utilizacao ("Disk1") = 0.44501
Comprimento medio fila ("Disk1") = 0.337667
Periodo medio ocupado ("Disk1") = 6.93649

Utilizacao ("CPU2") = 0.482369
Comprimento medio fila ("CPU2") = 2.33676
Periodo medio ocupado ("CPU2") = 9.96245

Utilizacao ("Disk2") = 0.302152
Comprimento medio fila ("Disk2") = 0.412821
Periodo medio ocupado ("Disk2") = 7.72007

Utilizacao ("CPU3") = 0.421664
Comprimento medio fila ("CPU3") = 0.694579
Periodo medio ocupado ("CPU3") = 12.2946

Utilizacao ("Disk3") = 0.17965
Comprimento medio fila ("Disk3") = 0.073848
Periodo medio ocupado ("Disk3") = 6.84987

Utilizacao ("CPU4") = 0.535664
Comprimento medio fila ("CPU4") = 1.01466
Periodo medio ocupado ("CPU4") = 12.0689

Utilizacao ("Disk4") = 0.34171
Comprimento medio fila ("Disk4") = 0.667836
Periodo medio ocupado ("Disk4") = 9.40986
