TempoSimulado: 3134.811622
Utilizacao ("Front") = 0.149234
Comprimento medio fila ("Front") = 7.31301
Periodo medio ocupado ("Front") = 4.6782

Utilizacao ("CPU1") = 0.617676
Comprimento medio fila ("CPU1") = 2.15238
Periodo medio ocupado ("CPU1") = 13.5405

Utilizacao ("Disk1") = 0.80885
Comprimento medio fila ("Disk1") = 4.31937
Periodo medio ocupado ("Disk1") = 21.4881

Utilizacao ("CPU2") = 0.532921
Comprimento medio fila ("CPU2") = 0.525878
Periodo medio ocupado ("CPU2") = 10.6408

Utilizacao ("Disk2") = 0.919133
Comprimento medio fila ("Disk2") = 7.0946
Periodo medio ocupado ("Disk2") = 21.664

Utilizacao ("CPU3") = 0.435919
Comprimento medio fila ("CPU3") = 0.508531
Periodo medio ocupado ("CPU3") = 10.76

Utilizacao ("Disk3") = 0.791282
Comprimento medio fila ("Disk3") = 5.10625
Periodo medio ocupado ("Disk3") = 24.5596

Utilizacao ("CPU4") = 0.410734
Comprimento medio fila ("CPU4") = 0.624723
Periodo medio ocupado ("CPU4") = 9.98119

Utilizacao ("Disk4") = 0.757225
Comprimento medio fila ("Disk4") = 5.59837
Periodo medio ocupado ("Disk4") = 22.8246
